<?xml version="1.0" encoding="UTF-8"?>
<!-- Generated by org.testng.reporters.JUnitXMLReporter -->
<testsuite hostname="Monikas-MacBook-Air.local" ignored="0" name="UnlistedProduct" tests="3" failures="0" timestamp="2020-05-25T13:53:42 IST" time="0.128" errors="0">
  <testcase name="@BeforeTest browserinitiate" time="0.046" classname="SearchFunctionality.kodo.Base">
    <failure type="org.openqa.selenium.NoSuchSessionException" message="invalid session id
Build info: version: &amp;apos;4.0.0-alpha-5&amp;apos;, revision: &amp;apos;b3a0d621cc&amp;apos;
System info: host: &amp;apos;Monikas-MacBook-Air.local&amp;apos;, ip: &amp;apos;fe80:0:0:0:c66:14c8:d6fd:d511%en0&amp;apos;, os.name: &amp;apos;Mac OS X&amp;apos;, os.arch: &amp;apos;x86_64&amp;apos;, os.version: &amp;apos;10.15.4&amp;apos;, java.version: &amp;apos;1.8.0_252&amp;apos;
Driver info: org.openqa.selenium.chrome.ChromeDriver
Capabilities {acceptInsecureCerts: false, browserName: chrome, browserVersion: 81.0.4044.138, chrome: {chromedriverVersion: 81.0.4044.69 (6813546031a4b..., userDataDir: /var/folders/04/nztx3_6934x...}, goog:chromeOptions: {debuggerAddress: localhost:56632}, javascriptEnabled: true, networkConnectionEnabled: false, pageLoadStrategy: normal, platform: MAC, platformName: MAC, proxy: Proxy(), setWindowRect: true, strictFileInteractability: false, timeouts: {implicit: 0, pageLoad: 300000, script: 30000}, unhandledPromptBehavior: dismiss and notify, webauthn:virtualAuthenticators: true}
Session ID: dff6730c77b08681d7798372375332dc">
      <![CDATA[org.openqa.selenium.NoSuchSessionException: invalid session id
Build info: version: '4.0.0-alpha-5', revision: 'b3a0d621cc'
System info: host: 'Monikas-MacBook-Air.local', ip: 'fe80:0:0:0:c66:14c8:d6fd:d511%en0', os.name: 'Mac OS X', os.arch: 'x86_64', os.version: '10.15.4', java.version: '1.8.0_252'
Driver info: org.openqa.selenium.chrome.ChromeDriver
Capabilities {acceptInsecureCerts: false, browserName: chrome, browserVersion: 81.0.4044.138, chrome: {chromedriverVersion: 81.0.4044.69 (6813546031a4b..., userDataDir: /var/folders/04/nztx3_6934x...}, goog:chromeOptions: {debuggerAddress: localhost:56632}, javascriptEnabled: true, networkConnectionEnabled: false, pageLoadStrategy: normal, platform: MAC, platformName: MAC, proxy: Proxy(), setWindowRect: true, strictFileInteractability: false, timeouts: {implicit: 0, pageLoad: 300000, script: 30000}, unhandledPromptBehavior: dismiss and notify, webauthn:virtualAuthenticators: true}
Session ID: dff6730c77b08681d7798372375332dc
at org.openqa.selenium.remote.codec.w3c.W3CHttpResponseCodec.createException(W3CHttpResponseCodec.java:196)
at org.openqa.selenium.remote.codec.w3c.W3CHttpResponseCodec.decode(W3CHttpResponseCodec.java:129)
at org.openqa.selenium.remote.codec.w3c.W3CHttpResponseCodec.decode(W3CHttpResponseCodec.java:53)
at org.openqa.selenium.remote.HttpCommandExecutor.execute(HttpCommandExecutor.java:161)
at org.openqa.selenium.remote.service.DriverCommandExecutor.execute(DriverCommandExecutor.java:83)
at org.openqa.selenium.remote.RemoteWebDriver.execute(RemoteWebDriver.java:582)
at org.openqa.selenium.remote.RemoteWebDriver.get(RemoteWebDriver.java:282)
at SearchFunctionality.kodo.Base.browserinitiate(Base.java:35)
... Removed 28 stack frames]]>
    </failure>
  </testcase> <!-- @BeforeTest browserinitiate -->
  <testcase name="@AfterMethod afterEachMethod" time="-1.590395017232E9" classname="SearchFunctionality.kodo.UnlistedProduct">
    <skipped/>
  </testcase> <!-- @AfterMethod afterEachMethod -->
  <testcase name="@AfterMethod afterEachMethod" time="-1.590395017243E9" classname="SearchFunctionality.kodo.UnlistedProduct">
    <skipped/>
  </testcase> <!-- @AfterMethod afterEachMethod -->
  <testcase name="@AfterMethod afterEachMethod" time="-1.590395017256E9" classname="SearchFunctionality.kodo.UnlistedProduct">
    <skipped/>
  </testcase> <!-- @AfterMethod afterEachMethod -->
  <testcase name="@AfterTest broserclose" time="-1.590395017279E9" classname="SearchFunctionality.kodo.Base">
    <skipped/>
  </testcase> <!-- @AfterTest broserclose -->
  <testcase name="unlistedproduct" time="0.0" classname="SearchFunctionality.kodo.UnlistedProduct">
    <skipped/>
  </testcase> <!-- unlistedproduct -->
  <testcase name="unlistedproduct" time="0.0" classname="SearchFunctionality.kodo.UnlistedProduct">
    <skipped/>
  </testcase> <!-- unlistedproduct -->
  <testcase name="unlistedproduct" time="0.0" classname="SearchFunctionality.kodo.UnlistedProduct">
    <skipped/>
  </testcase> <!-- unlistedproduct -->
</testsuite> <!-- UnlistedProduct -->
