<?xml version="1.0" encoding="UTF-8"?>
<!-- Generated by org.testng.reporters.JUnitReportReporter -->
<testsuite skipped="3" hostname="Monikas-MacBook-Air.local" name="SearchFunctionality.kodo.AgeValidation" tests="4" failures="0" timestamp="2020-06-01T18:14:59 IST" time="-1591015552.000" errors="1">
  <testcase name="womenDress" time="0.000" classname="SearchFunctionality.kodo.AgeValidation">
    <skipped/>
  </testcase> <!-- womenDress -->
  <system-out/>
  <testcase name="handleTestMethodName" time="-1591015552.000" classname="SearchFunctionality.kodo.AgeValidation">
    <error type="org.testng.TestNGException" message="
Can inject only one of &lt;ITestContext, XmlTest, Method, Object[], ITestResult&gt; into a @BeforeMethod annotated handleTestMethodName.
For more information on native dependency injection please refer to http://testng.org/doc/documentation-main.html#native-dependency-injection">
      <![CDATA[org.testng.TestNGException: 
Can inject only one of <ITestContext, XmlTest, Method, Object[], ITestResult> into a @BeforeMethod annotated handleTestMethodName.
For more information on native dependency injection please refer to http://testng.org/doc/documentation-main.html#native-dependency-injection
at org.testng.internal.Parameters.checkParameterTypes(Parameters.java:441)
at org.testng.internal.Parameters.createParametersForMethod(Parameters.java:355)
at org.testng.internal.Parameters.createParameters(Parameters.java:712)
at org.testng.internal.Parameters.createConfigurationParameters(Parameters.java:166)
at org.testng.internal.ConfigInvoker.invokeConfigurations(ConfigInvoker.java:283)
at org.testng.internal.TestInvoker.runConfigMethods(TestInvoker.java:695)
at org.testng.internal.TestInvoker.invokeMethod(TestInvoker.java:523)
at org.testng.internal.TestInvoker.invokeTestMethod(TestInvoker.java:173)
at org.testng.internal.MethodRunner.runInSequence(MethodRunner.java:46)
at org.testng.internal.TestInvoker$MethodInvocationAgent.invoke(TestInvoker.java:816)
at org.testng.internal.TestInvoker.invokeTestMethods(TestInvoker.java:146)
at org.testng.internal.TestMethodWorker.invokeTestMethods(TestMethodWorker.java:146)
at org.testng.internal.TestMethodWorker.run(TestMethodWorker.java:128)
at java.util.concurrent.ThreadPoolExecutor.runWorker(ThreadPoolExecutor.java:1149)
at java.util.concurrent.ThreadPoolExecutor$Worker.run(ThreadPoolExecutor.java:624)
at java.lang.Thread.run(Thread.java:748)
]]>
    </error>
  </testcase> <!-- handleTestMethodName -->
  <system-out/>
  <testcase name="womenDress" time="0.000" classname="SearchFunctionality.kodo.AgeValidation">
    <skipped/>
  </testcase> <!-- womenDress -->
  <system-out/>
  <testcase name="womenDress" time="0.000" classname="SearchFunctionality.kodo.AgeValidation">
    <skipped/>
  </testcase> <!-- womenDress -->
  <system-out/>
</testsuite> <!-- SearchFunctionality.kodo.AgeValidation -->
